0 info it worked if it ends with ok
1 verbose cli [ '/Users/amolina/.nvm/v0.10.38/bin/node',
1 verbose cli   '/Users/amolina/.nvm/v0.10.38/bin/npm',
1 verbose cli   'start' ]
2 info using npm@1.4.28
3 info using node@v0.10.38
4 verbose run-script [ 'prestart', 'start', 'poststart' ]
5 info prestart beersapp@0.0.0
6 info start beersapp@0.0.0
7 verbose unsafe-perm in lifecycle true
8 info beersapp@0.0.0 Failed to exec start script
9 error beersapp@0.0.0 start: `http-server -a localhost -p 8000 -c-1`
9 error Exit status 8
10 error Failed at the beersapp@0.0.0 start script.
10 error This is most likely a problem with the beersapp package,
10 error not with npm itself.
10 error Tell the author that this fails on your system:
10 error     http-server -a localhost -p 8000 -c-1
10 error You can get their info via:
10 error     npm owner ls beersapp
10 error There is likely additional logging output above.
11 error System Darwin 14.3.0
12 error command "/Users/amolina/.nvm/v0.10.38/bin/node" "/Users/amolina/.nvm/v0.10.38/bin/npm" "start"
13 error cwd /Users/amolina/Documents/angularjs/ejemploangulars
14 error node -v v0.10.38
15 error npm -v 1.4.28
16 error code ELIFECYCLE
17 verbose exit [ 1, true ]
